"../../../TPS/Content/PauseMenu.uasset" 0
"../../../Engine/Content/EngineMeshes/Humanoid.uasset" 1
"../../../Engine/Content/Functions/Engine_MaterialFunctions02/Utility/BlendAngleCorrectedNormals.uasset" 2
"../../../Engine/Content/Functions/MaterialLayerFunctions/MatLayerBlend_NormalBlend.uasset" 3
"../../../Engine/Content/Functions/MaterialLayerFunctions/MatLayerBlend_Simple.uasset" 4
"../../../TPS/Content/Mannequin/Character/Materials/MaterialLayers/T_ML_Rubber_Blue_01_D.uasset" 5
"../../../TPS/Content/Mannequin/Character/Materials/MaterialLayers/T_ML_Rubber_Blue_01_N.uasset" 6
"../../../TPS/Content/Mannequin/Character/Materials/MaterialLayers/ML_GlossyBlack_Latex_UE4.uasset" 7
"../../../TPS/Content/Mannequin/Character/Materials/MaterialLayers/ML_Plastic_Shiny_Beige.uasset" 8
"../../../TPS/Content/Mannequin/Character/Textures/UE4_LOGO_CARD.uasset" 9
"../../../TPS/Content/Mannequin/Character/Materials/MaterialLayers/ML_Plastic_Shiny_Beige_LOGO.uasset" 10
"../../../TPS/Content/Mannequin/Character/Materials/MaterialLayers/T_ML_Aluminum01.uasset" 11
"../../../TPS/Content/Mannequin/Character/Materials/MaterialLayers/T_ML_Aluminum01_N.uasset" 12
"../../../TPS/Content/Mannequin/Character/Materials/MaterialLayers/ML_SoftMetal_UE4.uasset" 13
"../../../TPS/Content/Mannequin/Character/Textures/UE4_Mannequin__normals.uasset" 14
"../../../TPS/Content/Mannequin/Character/Textures/UE4_Mannequin_MAT_MASKA.uasset" 15
"../../../TPS/Content/Mannequin/Character/Materials/M_UE4Man_Body.uasset" 16
"../../../TPS/Content/Mannequin/Character/Textures/UE4Man_Logo_N.uasset" 17
"../../../TPS/Content/Mannequin/Character/Materials/M_UE4Man_ChestLogo.uasset" 18
"../../../TPS/Content/Mannequin/Character/Mesh/SK_Mannequin_PhysicsAsset.uasset" 19
"../../../TPS/Content/Mannequin/Character/Mesh/SK_Mannequin.uasset" 20
"../../../TPS/Content/Mannequin/Character/Mesh/UE4_Mannequin_Skeleton.uasset" 21
"../../../TPS/Content/AnimStarterPack/Aim_Space_Hip.uasset" 22
"../../../TPS/Content/AnimStarterPack/Crouch_Idle_Rifle_Hip.uasset" 23
"../../../TPS/Content/AnimStarterPack/Crouch_Idle_Rifle_Ironsights.uasset" 24
"../../../TPS/Content/AnimStarterPack/Crouch_Walk_Bwd_Rifle_Hip.uasset" 25
"../../../TPS/Content/AnimStarterPack/Crouch_Walk_Fwd_Rifle_Ironsights.uasset" 26
"../../../TPS/Content/AnimStarterPack/Crouch_Walk_Lt_Rifle_Hip.uasset" 27
"../../../TPS/Content/AnimStarterPack/Crouch_Walk_Rt_Rifle_Ironsights.uasset" 28
"../../../TPS/Content/AnimStarterPack/Death_2.uasset" 29
"../../../TPS/Content/AnimStarterPack/Death_Ironsights_1.uasset" 30
"../../../TPS/Content/AnimStarterPack/Equip_Pistol_Standing.uasset" 31
"../../../TPS/Content/AnimStarterPack/Fire_Rifle_Ironsights.uasset" 32
"../../../TPS/Content/AnimStarterPack/Fire_Shotgun_Ironsights.uasset" 33
"../../../TPS/Content/AnimStarterPack/Hit_React_2.uasset" 34
"../../../TPS/Content/AnimStarterPack/Hit_React_4.uasset" 35
"../../../TPS/Content/AnimStarterPack/Idle_Rifle_Hip.uasset" 36
"../../../TPS/Content/AnimStarterPack/Idle_Rifle_Ironsights.uasset" 37
"../../../TPS/Content/AnimStarterPack/Jog_Bwd_Rifle.uasset" 38
"../../../TPS/Content/AnimStarterPack/Jog_Rt_Rifle.uasset" 39
"../../../TPS/Content/AnimStarterPack/Jump_From_Stand.uasset" 40
"../../../TPS/Content/AnimStarterPack/Prone_Death_1.uasset" 41
"../../../TPS/Content/AnimStarterPack/Prone_Fire_1.uasset" 42
"../../../TPS/Content/AnimStarterPack/Prone_Reload_Rifle.uasset" 43
"../../../TPS/Content/AnimStarterPack/Prone_To_Stand.uasset" 44
"../../../TPS/Content/AnimStarterPack/Reload_Rifle_Hip.uasset" 45
"../../../TPS/Content/AnimStarterPack/Reload_Shotgun_Hip.uasset" 46
"../../../TPS/Content/AnimStarterPack/Stand_To_Prone.uasset" 47
"../../../TPS/Content/InfinityBladeWeapons/Effects/FX/T_FogPlane01_Clouds.uasset" 48
"../../../TPS/Content/InfinityBladeWeapons/Weapons/Blade/Axes/Blade_SmAxe/T_Blade_SmAxe1_D.uasset" 49
"../../../TPS/Content/InfinityBladeWeapons/Weapons/Blade/Axes/Blade_SmAxe/T_Blade_SmAxe1_N.uasset" 50
"../../../TPS/Content/InfinityBladeWeapons/Weapons/Blade/Axes/Blade_SmAxe/T_Blade_SmAxe1_Mat.uasset" 51
"../../../TPS/Content/InfinityBladeWeapons/Weapons/Blade/Swords/Blade_HeroSword22/SK_Blade_HeroSword22_Forge_Skeleton.uasset" 52
"../../../TPS/Content/Mannequin/Animations/ThirdPersonJump_End.uasset" 53
"../../../TPS/Content/StarterContent/Materials/M_Basic_Wall.uasset" 54
"../../../TPS/Content/StarterContent/Architecture/Pillar_50x500.uasset" 55
"../../../TPS/Content/StarterContent/Architecture/Wall_400x300.uasset" 56
"../../../TPS/Content/StarterContent/Architecture/Wall_400x400.uasset" 57
"../../../TPS/Content/StarterContent/Architecture/Wall_500x500.uasset" 58
"../../../TPS/Content/StarterContent/Architecture/Wall_Door_400x400.uasset" 59
"../../../TPS/Content/StarterContent/Architecture/Wall_Window_400x400.uasset" 60
"../../../TPS/Content/StarterContent/Audio/Light01_Cue.uasset" 61
"../../../TPS/Content/StarterContent/Audio/Light02_Cue.uasset" 62
"../../../TPS/Content/StarterContent/Audio/Explosion_Cue.uasset" 63
"../../../TPS/Content/StarterContent/Textures/T_Burst_M.uasset" 64
"../../../TPS/Content/StarterContent/Particles/Materials/M_Burst.uasset" 65
"../../../TPS/Content/StarterContent/Textures/T_Explosion_SubUV.uasset" 66
"../../../TPS/Content/StarterContent/Particles/Materials/M_explosion_subUV.uasset" 67
"../../../TPS/Content/StarterContent/Particles/Materials/m_flare_01.uasset" 68
"../../../Engine/Content/Functions/Engine_MaterialFunctions01/Gradient/RadialGradient.uasset" 69
"../../../TPS/Content/StarterContent/Particles/Materials/M_radial_ramp.uasset" 70
"../../../TPS/Content/StarterContent/Textures/T_Smoke_SubUV.uasset" 71
"../../../TPS/Content/StarterContent/Textures/T_Smoke_Tiled_D.uasset" 72
"../../../TPS/Content/StarterContent/Particles/Materials/M_smoke_subUV.uasset" 73
"../../../TPS/Content/StarterContent/Particles/P_Explosion.uasset" 74
"../../../TPS/Content/StarterContent/Blueprints/Blueprint_Effect_Explosion.uasset" 75
"../../../Engine/Content/EditorMeshes/ColorCalibrator/T_ColorGrid.uasset" 76
"../../../TPS/Content/StarterContent/Materials/M_ColorGrid_LowSpec.uasset" 77
"../../../TPS/Content/StarterContent/Textures/T_Bush_D.uasset" 78
"../../../TPS/Content/StarterContent/Textures/T_Bush_N.uasset" 79
"../../../TPS/Content/StarterContent/Props/Materials/M_Bush.uasset" 80
"../../../TPS/Content/StarterContent/Props/SM_Bush.uasset" 81
"../../../TPS/Content/StarterContent/Textures/T_Chair_M.uasset" 82
"../../../TPS/Content/StarterContent/Textures/T_Chair_N.uasset" 83
"../../../TPS/Content/StarterContent/Props/Materials/M_Chair.uasset" 84
"../../../TPS/Content/StarterContent/Props/SM_Couch.uasset" 85
"../../../TPS/Content/StarterContent/Materials/M_Glass.uasset" 86
"../../../TPS/Content/StarterContent/Textures/T_Door_M.uasset" 87
"../../../TPS/Content/StarterContent/Textures/T_Door_N.uasset" 88
"../../../TPS/Content/StarterContent/Props/Materials/M_Door.uasset" 89
"../../../TPS/Content/StarterContent/Props/SM_Door.uasset" 90
"../../../TPS/Content/StarterContent/Props/Materials/M_MaterialSphere.uasset" 91
"../../../TPS/Content/StarterContent/Props/Materials/M_MaterialSphere_Plain.uasset" 92
"../../../TPS/Content/StarterContent/Props/SM_MatPreviewMesh_02.uasset" 93
"../../../TPS/Content/StarterContent/Textures/T_Detail_Rocky_N.uasset" 94
"../../../TPS/Content/StarterContent/Textures/T_Rock_Basalt_D.uasset" 95
"../../../TPS/Content/StarterContent/Textures/T_RockMesh_M.uasset" 96
"../../../TPS/Content/StarterContent/Textures/T_RockMesh_N.uasset" 97
"../../../TPS/Content/StarterContent/Props/Materials/M_Rock.uasset" 98
"../../../TPS/Content/StarterContent/Props/SM_Rock.uasset" 99
"../../../TPS/Content/StarterContent/Textures/T_Shelf_M.uasset" 100
"../../../TPS/Content/StarterContent/Textures/T_Shelf_N.uasset" 101
"../../../TPS/Content/StarterContent/Props/Materials/M_Shelf.uasset" 102
"../../../TPS/Content/StarterContent/Props/SM_Shelf.uasset" 103
"../../../TPS/Content/StarterContent/Materials/M_Basic_Floor.uasset" 104
"../../../TPS/Content/StarterContent/Props/SM_Stairs.uasset" 105
"../../../TPS/Content/StarterContent/Shapes/Shape_Cone.uasset" 106
"../../../TPS/Content/StarterContent/Shapes/Shape_Cylinder.uasset" 107
"../../../TPS/Content/StarterContent/Shapes/Shape_NarrowCapsule.uasset" 108
"../../../TPS/Content/StarterContent/Shapes/Shape_Pipe.uasset" 109
"../../../TPS/Content/StarterContent/Shapes/Shape_Pipe_180.uasset" 110
"../../../TPS/Content/StarterContent/Shapes/Shape_Pipe_90.uasset" 111
"../../../TPS/Content/StarterContent/Shapes/Shape_Plane.uasset" 112
"../../../TPS/Content/StarterContent/Shapes/Shape_Torus.uasset" 113
"../../../TPS/Content/StarterContent/Shapes/Shape_Trim.uasset" 114
"../../../TPS/Content/StarterContent/Shapes/Shape_Trim_90_In.uasset" 115
"../../../TPS/Content/StarterContent/Shapes/Shape_Trim_90_Out.uasset" 116
"../../../TPS/Content/StarterContent/Shapes/Shape_TriPyramid.uasset" 117
"../../../TPS/Content/StarterContent/Shapes/Shape_Tube.uasset" 118
"../../../TPS/Content/StarterContent/Shapes/Shape_Wedge_A.uasset" 119
"../../../TPS/Content/StarterContent/Shapes/Shape_Wedge_B.uasset" 120
"../../../TPS/Content/StarterContent/Shapes/Shape_WideCapsule.uasset" 121
"../../../Engine/Content/EditorBlueprintResources/StandardMacros.uasset" 122
"../../../TPS/Content/Idle_Rifle_Ironsights.uasset" 123
"../../../TPS/Content/Mannequin/Animations/ThirdPerson_Jump.uasset" 124
"../../../TPS/Content/Mannequin/Animations/ThirdPersonJump_Loop.uasset" 125
"../../../TPS/Content/Mannequin/Animations/ThirdPersonJump_Start.uasset" 126
"../../../TPS/Content/Mannequin/Animations/ThirdPersonIdle.uasset" 127
"../../../TPS/Content/Mannequin/Animations/ThirdPersonRun.uasset" 128
"../../../TPS/Content/Mannequin/Animations/ThirdPersonWalk.uasset" 129
"../../../TPS/Content/Mannequin/Animations/ThirdPerson_IdleRun_2D.uasset" 130
"../../../Engine/Content/EditorBlueprintResources/ActorMacros.uasset" 131
"../../../TPS/Content/Weapons/E_WeaponInventorySlot.uasset" 132
"../../../TPS/Content/Weapons/WeaponMaster_BP.uasset" 133
"../../../TPS/Content/Mannequin/Animations/ThirdPerson_AnimBP.uasset" 134
"../../../TPS/Content/InfinityBladeWeapons/Weapons/Blade/Silly_Weapons/Blade_Baguette/T_Blade_Baguette1_D.uasset" 135
"../../../TPS/Content/InfinityBladeWeapons/Weapons/Blade/Silly_Weapons/Blade_Baguette/T_Blade_Baguette1_N.uasset" 136
"../../../TPS/Content/InfinityBladeWeapons/Weapons/Blade/Silly_Weapons/Blade_Baguette/T_Blade_Baguette2_D.uasset" 137
"../../../TPS/Content/InfinityBladeWeapons/Weapons/Blade/Silly_Weapons/Blade_Baguette/T_Blade_Baguette2_N.uasset" 138
"../../../TPS/Content/InfinityBladeWeapons/Weapons/Blade/Silly_Weapons/Blade_Baguette/M_Blade_Baguette.uasset" 139
"../../../TPS/Content/InfinityBladeWeapons/Weapons/Blade/Silly_Weapons/Blade_Baguette/SK_Blade_Baguette_Skeleton.uasset" 140
"../../../TPS/Content/InfinityBladeWeapons/Weapons/Blade/Silly_Weapons/Blade_Baguette/SK_Blade_Baguette.uasset" 141
"../../../TPS/Content/Weapons/PrimaryWeapon_BP.uasset" 142
"../../../TPS/Content/ThirdPersonBP/Blueprints/ThirdPersonCharacter.uasset" 143
"../../../TPS/Content/Blueprints/TPS_PlayerController.uasset" 144
"../../../TPS/Content/ThirdPersonBP/Blueprints/ThirdPersonGameMode.uasset" 145
"../../../TPS/Content/Weapons/S_CharacterWeaponSlotStruct.uasset" 146
"../../../Engine/Content/Functions/Engine_MaterialFunctions01/Opacity/CameraDepthFade.uasset" 147
"../../../Engine/Content/EngineMaterials/T_Default_Material_Grid_M.uasset" 148
"../../../Engine/Content/EngineMaterials/T_Default_Material_Grid_N.uasset" 149
"../../../Engine/Content/EngineMaterials/DefaultMaterial.uasset" 150
"../../../Engine/Content/BasicShapes/Cone.uasset" 151
"../../../Engine/Content/EngineMaterials/WorldGridMaterial.uasset" 152
"../../../Engine/Content/BasicShapes/Cube.uasset" 153
"../../../Engine/Content/BasicShapes/Cylinder.uasset" 154
"../../../Engine/Content/BasicShapes/Plane.uasset" 155
"../../../Engine/Content/BasicShapes/Sphere.uasset" 156
"../../../Engine/Content/EditorLandscapeResources/DataLayer.uasset" 157
"../../../Engine/Content/EditorMaterials/GizmoMaterial.uasset" 158
"../../../Engine/Content/EditorMaterials/MAT_Groups_Toggle.uasset" 159
"../../../Engine/Content/EditorMaterials/MAT_Groups_Visibility.uasset" 160
"../../../Engine/Content/EditorMaterials/PreviewShadowIndicator.uasset" 161
"../../../Engine/Content/EditorMaterials/PreviewShadowIndicatorMaterial.uasset" 162
"../../../Engine/Content/EditorMaterials/AssetViewer/EpicQuadPanorama_CC+EV1.uasset" 163
"../../../Engine/Content/EditorMaterials/MatineeGroups/MAT_ColorTrack.uasset" 164
"../../../Engine/Content/EditorMaterials/MatineeGroups/MAT_Groups_Anim.uasset" 165
"../../../Engine/Content/EditorMaterials/MatineeGroups/MAT_Groups_AudioMaster.uasset" 166
"../../../Engine/Content/EditorMaterials/MatineeGroups/MAT_Groups_Director.uasset" 167
"../../../Engine/Content/EditorMaterials/MatineeGroups/MAT_Groups_Event.uasset" 168
"../../../Engine/Content/EditorMaterials/MatineeGroups/MAT_Groups_Fade.uasset" 169
"../../../Engine/Content/EditorMaterials/MatineeGroups/MAT_Groups_Float.uasset" 170
"../../../Engine/Content/EditorMaterials/MatineeGroups/MAT_Groups_Move.uasset" 171
"../../../Engine/Content/EditorMaterials/MatineeGroups/MAT_Groups_Slomo.uasset" 172
"../../../Engine/Content/EditorMaterials/MatineeGroups/MAT_Groups_Sound.uasset" 173
"../../../Engine/Content/EditorMaterials/MatineeGroups/MAT_Groups_Vector.uasset" 174
"../../../Engine/Content/EditorMaterials/ParticleSystems/PSysThumbnail_NoImage.uasset" 175
"../../../Engine/Content/EditorMaterials/ParticleSystems/PSysThumbnail_OOD.uasset" 176
"../../../Engine/Content/EditorMaterials/Camera/CineMat.uasset" 177
"../../../Engine/Content/EditorMaterials/Camera/MI_CineMat_Rig.uasset" 178
"../../../Engine/Content/EditorMeshes/Camera/SM_CraneRig_Arm.uasset" 179
"../../../Engine/Content/EditorMeshes/Camera/SM_CraneRig_Base.uasset" 180
"../../../Engine/Content/EditorMeshes/Camera/SM_CraneRig_Body.uasset" 181
"../../../Engine/Content/EditorMeshes/Camera/SM_CraneRig_Mount.uasset" 182
"../../../Engine/Content/EditorMeshes/Camera/SM_RailRig_Mount.uasset" 183
"../../../Engine/Content/EditorMeshes/Camera/SM_RailRig_Track.uasset" 184
"../../../Engine/Content/EditorResources/BSPVertex.uasset" 185
"../../../Engine/Content/EditorResources/EmptyActor.uasset" 186
"../../../Engine/Content/EditorResources/S_Actor.uasset" 187
"../../../Engine/Content/EditorResources/S_Trigger.uasset" 188
"../../../Engine/Content/EditorResources/AudioIcons/S_AudioComponent.uasset" 189
"../../../Engine/Content/EditorResources/AudioIcons/S_AudioComponent_AutoActivate.uasset" 190
"../../../Engine/Content/EditorResources/LightIcons/S_LightError.uasset" 191
"../../../Engine/Content/EditorResources/SequenceRecorder/Countdown.uasset" 192
"../../../Engine/Content/EditorResources/SequenceRecorder/RecordingIndicator.uasset" 193
"../../../Engine/Content/EditorSounds/Notifications/CompileFailed.uasset" 194
"../../../Engine/Content/EditorSounds/Notifications/CompileFailed_Cue.uasset" 195
"../../../Engine/Content/EditorSounds/Notifications/CompileSuccess.uasset" 196
"../../../Engine/Content/EditorSounds/Notifications/CompileStart_Cue.uasset" 197
"../../../Engine/Content/EditorSounds/Notifications/CompileSuccess_Cue.uasset" 198
"../../../Engine/Content/EngineDamageTypes/DmgTypeBP_Environmental.uasset" 199
"../../../Engine/Content/EngineDebugMaterials/HeatmapGradient.uasset" 200
"../../../Engine/Content/EngineDebugMaterials/BoneWeightMaterial.uasset" 201
"../../../Engine/Content/EngineDebugMaterials/ClothMaterial.uasset" 202
"../../../Engine/Content/EngineDebugMaterials/DebugMeshMaterial.uasset" 203
"../../../Engine/Content/EngineDebugMaterials/GeomMaterial.uasset" 204
"../../../Engine/Content/EngineFonts/Faces/RobotoBold.uasset" 205
"../../../Engine/Content/EngineFonts/Faces/RobotoBoldItalic.uasset" 206
"../../../Engine/Content/EngineFonts/Faces/RobotoItalic.uasset" 207
"../../../Engine/Content/EngineFonts/Faces/RobotoLight.uasset" 208
"../../../Engine/Content/EngineFonts/Faces/RobotoRegular.uasset" 209
"../../../Engine/Content/EngineFonts/Roboto.uasset" 210
"../../../Engine/Content/EngineFonts/Faces/RobotoTiny.uasset" 211
"../../../Engine/Content/EngineFonts/RobotoTiny.uasset" 212
"../../../Engine/Content/EngineMaterials/DefaultBloomKernel.uasset" 213
"../../../Engine/Content/EngineMaterials/DefaultBokeh.uasset" 214
"../../../Engine/Content/EngineMaterials/DefaultDiffuse.uasset" 215
"../../../Engine/Content/EngineMaterials/DefaultDeferredDecalMaterial.uasset" 216
"../../../Engine/Content/EngineMaterials/DefaultLightFunctionMaterial.uasset" 217
"../../../Engine/Content/EngineMaterials/DefaultPhysicalMaterial.uasset" 218
"../../../Engine/Content/Functions/Engine_MaterialFunctions02/Utility/BreakOutFloat2Components.uasset" 219
"../../../Engine/Content/EngineMaterials/DefaultPostProcessMaterial.uasset" 220
"../../../Engine/Content/EngineFonts/RobotoDistanceField.uasset" 221
"../../../Engine/Content/EngineMaterials/DefaultTextMaterialOpaque.uasset" 222
"../../../Engine/Content/EngineMaterials/DefaultWhiteGrid.uasset" 223
"../../../Engine/Content/EngineMaterials/EditorBrushMaterial.uasset" 224
"../../../Engine/Content/EngineMaterials/Good64x64TilingNoiseHighFreq.uasset" 225
"../../../Engine/Content/EngineMaterials/MiniFont.uasset" 226
"../../../Engine/Content/EngineMaterials/InvalidLightmapSettings.uasset" 227
"../../../Engine/Content/EngineMaterials/M_InvalidLightmapSettings.uasset" 228
"../../../Engine/Content/EngineMaterials/PhAT_JointLimitMaterial.uasset" 229
"../../../Engine/Content/EngineMaterials/PreintegratedSkinBRDF.uasset" 230
"../../../Engine/Content/EngineMaterials/RemoveSurfaceMaterial.uasset" 231
"../../../Engine/Content/EngineMaterials/WeightMapPlaceholderTexture.uasset" 232
"../../../Engine/Content/EngineResources/WhiteSquareTexture.uasset" 233
"../../../Engine/Content/EngineMaterials/Widget3DPassThrough.uasset" 234
"../../../Engine/Content/EngineMaterials/Widget3DPassThrough_Masked.uasset" 235
"../../../Engine/Content/EngineMaterials/Widget3DPassThrough_Opaque.uasset" 236
"../../../Engine/Content/EngineMaterials/Widget3DPassThrough_Masked_OneSided.uasset" 237
"../../../Engine/Content/EngineMaterials/Widget3DPassThrough_Opaque_OneSided.uasset" 238
"../../../Engine/Content/EngineMaterials/Widget3DPassThrough_Translucent.uasset" 239
"../../../Engine/Content/EngineMaterials/Widget3DPassThrough_Translucent_OneSided.uasset" 240
"../../../Engine/Content/EngineMeshes/Cube.uasset" 241
"../../../Engine/Content/EngineMeshes/Cylinder.uasset" 242
"../../../Engine/Content/EngineMeshes/Sphere.uasset" 243
"../../../Engine/Content/EngineResources/Black.uasset" 244
"../../../Engine/Content/EngineResources/DefaultTexture.uasset" 245
"../../../Engine/Content/EngineResources/DefaultTextureCube.uasset" 246
"../../../Engine/Content/EngineResources/GradientTexture0.uasset" 247
"../../../Engine/Content/EngineSounds/Master.uasset" 248
"../../../Engine/Content/Functions/Engine_MaterialFunctions01/Shading/ConvertFromDiffSpec.uasset" 249
"../../../Engine/Content/Functions/Engine_MaterialFunctions01/Shading/PowerToRoughness.uasset" 250
"../../../Engine/Content/Maps/Templates/Thumbnails/Default.uasset" 251
"../../../Engine/Content/Maps/Templates/Thumbnails/VR-Basic.uasset" 252
"../../../Engine/Content/MobileResources/T_MobileControls_texture.uasset" 253
"../../../Engine/Content/MobileResources/T_MobileMenu2.uasset" 254
"../../../Engine/Content/MobileResources/HUD/AnalogHat.uasset" 255
"../../../Engine/Content/MobileResources/HUD/VirtualJoystick_Background.uasset" 256
"../../../Engine/Content/MobileResources/HUD/VirtualJoystick_Thumb.uasset" 257
"../../../Engine/Content/MobileResources/HUD/DefaultVirtualJoysticks.uasset" 258
"../../../Engine/Content/MobileResources/HUD/LeftVirtualJoystickOnly.uasset" 259
"../../../Engine/Content/MobileResources/HUD/MobileHUDButton1_off.uasset" 260
"../../../Engine/Content/MobileResources/HUD/MobileHUDButton1_on.uasset" 261
"../../../Engine/Content/MobileResources/HUD/MobileHUDButton2_off.uasset" 262
"../../../Engine/Content/MobileResources/HUD/MobileHUDButton2_on.uasset" 263
"../../../Engine/Content/MobileResources/HUD/MobileHUDButton3.uasset" 264
"../../../Engine/Content/MobileResources/HUD/MobileHUDButtonFire.uasset" 265
"../../../Engine/Content/MobileResources/HUD/MobileHUDDirectionPad.uasset" 266
"../../../Engine/Content/MobileResources/HUD/MobileHUDDirectionPad2.uasset" 267
"../../../Engine/Content/MobileResources/HUD/MobileHUDDirectionPad3.uasset" 268
"../../../Engine/Content/MobileResources/HUD/MobileHUDDirectionStick.uasset" 269
"../../../Engine/Content/MobileResources/HUD/T_Castle_ThumbstickInner.uasset" 270
"../../../Engine/Content/MobileResources/HUD/T_Castle_ThumbstickOutter.uasset" 271
"../../../Engine/Content/Tutorial/ContentIntroCurve.uasset" 272
"../../../Engine/Content/Tutorial/Basics/TutorialAssets/CameraActor_64x.uasset" 273
"../../../Engine/Content/Tutorial/Basics/TutorialAssets/icon_tab_Levels_40x.uasset" 274
"../../../Engine/Content/Tutorial/BlueprintTutorials/TutorialAssets/BlueprintInterface_64x.uasset" 275
"../../../Engine/Content/Tutorial/BlueprintTutorials/TutorialAssets/BlueprintMacroLibrary_64x.uasset" 276
"../../../Engine/Content/Tutorial/BlueprintTutorials/TutorialAssets/Blueprint_64x.uasset" 277
"../../../Engine/Content/Tutorial/BlueprintTutorials/TutorialAssets/Tutorial_BP_Interface.uasset" 278
"../../../Engine/Content/Tutorial/Foliage/TutorialAssets/Foliage.uasset" 279
"../../../Engine/Content/Tutorial/Landscape/TutorialAssets/Landscape.uasset" 280
"../../../Engine/Content/Tutorial/Paper2D/TutorialAssets/Paper2DFlipbook_TutorialIcon.uasset" 281
"../../../Engine/Content/Tutorial/Paper2D/TutorialAssets/Paper2DSprite_TutorialIcon.uasset" 282
"../../../Engine/Content/Tutorial/SubEditors/TutorialAssets/icon_Editor_Preferences_General_40x.uasset" 283
"../../../Engine/Content/Tutorial/SubEditors/TutorialAssets/icon_ShowSkeletalMeshes_40x.uasset" 284
"../../../Engine/Content/Tutorial/SubEditors/TutorialAssets/TutorialMaterial.uasset" 285
"../../../Engine/Content/Tutorial/SubEditors/TutorialAssets/T_SmokeSubUV_8X8.uasset" 286
"../../../Engine/Content/Tutorial/SubEditors/TutorialAssets/T_soft_smoke.uasset" 287
"../../../Engine/Content/Tutorial/SubEditors/TutorialAssets/M_smoke_subUV_blackbody.uasset" 288
"../../../Engine/Content/Tutorial/SubEditors/TutorialAssets/TutorialParticleSystem.uasset" 289
"../../../Engine/Content/EditorMeshes/EditorCube.uasset" 290
"../../../Engine/Content/Tutorial/SubEditors/TutorialAssets/Tutorial_DM.uasset" 291
"../../../Engine/Content/VREditor/Devices/Generic/GenericHMDMaterial.uasset" 292
"../../../Engine/Content/VREditor/Devices/Generic/GenericHMD.uasset" 293
"../../../Engine/Content/VREditor/FloatingText/LineMaterial.uasset" 294
"../../../Engine/Content/VREditor/FloatingText/JointSphere.uasset" 295
"../../../Engine/Content/VREditor/FloatingText/LineSegmentCylinder.uasset" 296
"../../../Engine/Content/VREditor/Fonts/VRText_RobotoLarge.uasset" 297
"../../../Engine/Content/VREditor/Fonts/VRTextMaterial.uasset" 298
"../../../Engine/Content/VREditor/Fonts/TranslucentVRTextMaterial.uasset" 299
"../../../Engine/Content/VREditor/LaserPointer/VR_LaserPower_01.uasset" 300
"../../../Engine/Content/VREditor/TransformGizmo/TransformGizmoMaterial.uasset" 301
"../../../Engine/Content/VREditor/LaserPointer/HoverMaterial.uasset" 302
"../../../Engine/Content/VREditor/TransformGizmo/TranslucentTransformGizmoMaterial.uasset" 303
"../../../Engine/Content/VREditor/LaserPointer/TranslucentHoverMaterial.uasset" 304
"../../../Engine/Content/VREditor/LaserPointer/HoverMesh.uasset" 305
"../../../Engine/Content/VREditor/LaserPointer/LaserPointerMaterial.uasset" 306
"../../../Engine/Content/VREditor/LaserPointer/LaserPointerMaterialInst.uasset" 307
"../../../Engine/Content/VREditor/LaserPointer/TranslucentLaserPointerMaterialInst.uasset" 308
"../../../Engine/Content/VREditor/LaserPointer/LaserPointerMesh.uasset" 309
"../../../Engine/Content/VREditor/LaserPointer/LaserPointerMesh_End.uasset" 310
"../../../Engine/Content/VREditor/LaserPointer/LaserPointerMesh_Start.uasset" 311
"../../../Engine/Content/Functions/Engine_MaterialFunctions02/Utility/BreakOutFloat3Components.uasset" 312
"../../../Engine/Content/Functions/Engine_MaterialFunctions02/Math/Transform3x3Matrix.uasset" 313
"../../../Engine/Content/Functions/Engine_MaterialFunctions02/SplitComponents.uasset" 314
"../../../Engine/Content/Functions/Engine_MaterialFunctions02/Utility/MakeFloat3.uasset" 315
"../../../Engine/Content/VREditor/SnapGrid/SnapGridMaterial.uasset" 316
"../../../Engine/Content/VREditor/SnapGrid/SnapGridPlaneMesh.uasset" 317
"../../../Engine/Content/VREditor/Sounds/VR_teleport_Cue.uasset" 318
"../../../Engine/Content/VREditor/Sounds/UI/Click_on_Button_Cue.uasset" 319
"../../../Engine/Content/VREditor/Sounds/UI/Dockable_Window_Close.uasset" 320
"../../../Engine/Content/VREditor/Sounds/UI/Dockable_Window_Drop.uasset" 321
"../../../Engine/Content/VREditor/Sounds/UI/Dockable_Window_Open.uasset" 322
"../../../Engine/Content/VREditor/Sounds/UI/Dockable_Window_Pick_Up.uasset" 323
"../../../Engine/Content/VREditor/Sounds/UI/Drop_Item_From_ContentBrowser.uasset" 324
"../../../Engine/Content/VREditor/Sounds/UI/Floating_UI_Open-001.uasset" 325
"../../../Engine/Content/VREditor/Sounds/UI/Gizmo_Handle_Clicked.uasset" 326
"../../../Engine/Content/VREditor/Sounds/UI/Object_PickUp.uasset" 327
"../../../Engine/Content/VREditor/Sounds/UI/Object_Snaps_To_Another_Actor.uasset" 328
"../../../Engine/Content/VREditor/Sounds/UI/Object_Snaps_To_Grid.uasset" 329
"../../../Engine/Content/VREditor/Sounds/UI/Radial_Menu_FadeOut.uasset" 330
"../../../Engine/Content/VREditor/Sounds/UI/Scaling_Down.uasset" 331
"../../../Engine/Content/VREditor/Sounds/UI/Scaling_Up.uasset" 332
"../../../Engine/Content/VREditor/Sounds/UI/Selection_Changes.uasset" 333
"../../../Engine/Content/VREditor/Sounds/UI/Teleport_Mode_Entered.uasset" 334
"../../../Engine/Content/VREditor/Teleport/TeleportDirectionMaterial.uasset" 335
"../../../Engine/Content/VREditor/Teleport/TeleportDirectionMaterial_Inst.uasset" 336
"../../../Engine/Content/VREditor/Teleport/TeleportDirectionMesh.uasset" 337
"../../../Engine/Content/VREditor/TransformGizmo/BoundingBoxCorner.uasset" 338
"../../../Engine/Content/VREditor/TransformGizmo/BoundingBoxEdge.uasset" 339
"../../../Engine/Content/VREditor/TransformGizmo/PlaneTranslationHandle.uasset" 340
"../../../Engine/Content/VREditor/TransformGizmo/RotationHandle.uasset" 341
"../../../Engine/Content/VREditor/TransformGizmo/RotationHandleFull.uasset" 342
"../../../Engine/Content/VREditor/TransformGizmo/RotationHandleIndicator.uasset" 343
"../../../Engine/Content/VREditor/TransformGizmo/RotationHandleQuarter.uasset" 344
"../../../Engine/Content/VREditor/TransformGizmo/Main.uasset" 345
"../../../Engine/Content/VREditor/TransformGizmo/Xray.uasset" 346
"../../../Engine/Content/VREditor/TransformGizmo/SM_Dialog_Close.uasset" 347
"../../../Engine/Content/VREditor/TransformGizmo/SM_Dialog_Move.uasset" 348
"../../../Engine/Content/VREditor/TransformGizmo/SM_Sequencer_Key.uasset" 349
"../../../Engine/Content/VREditor/TransformGizmo/StartRotationHandleIndicator.uasset" 350
"../../../Engine/Content/VREditor/TransformGizmo/TransformGizmoMaterial_Inst.uasset" 351
"../../../Engine/Content/VREditor/TransformGizmo/TranslateArrowHandle.uasset" 352
"../../../Engine/Content/VREditor/TransformGizmo/TranslationHandle.uasset" 353
"../../../Engine/Content/VREditor/TransformGizmo/TranslucentTransformGizmoMaterial_Inst.uasset" 354
"../../../Engine/Content/VREditor/TransformGizmo/UniformScaleHandle.uasset" 355
"../../../Engine/Content/VREditor/UI/KeyDiskMaterial.uasset" 356
"../../../Engine/Content/VREditor/UI/DiscMaterial.uasset" 357
"../../../Engine/Content/VREditor/UI/SM_Radial_Disk.uasset" 358
"../../../Engine/Content/VREditor/WorldMovementGrid/SimpleGrid.uasset" 359
"../../../Engine/Content/VREditor/WorldMovementGrid/GridMaterial.uasset" 360
"../../../Engine/Content/Functions/Engine_MaterialFunctions01/Density/ExponentialDensity.uasset" 361
"../../../Engine/Content/VREditor/WorldMovementGrid/GridPostProcess.uasset" 362
"../../../Engine/Content/EditorLandscapeResources/FlattenHeightMat.uasset" 363
"../../../Engine/Content/VREditor/WorldMovementGrid/PlaneMesh.uasset" 364
"../../../Engine/Plugins/2D/Paper2D/Content/DummySprite.uasset" 365
"../../../Engine/Plugins/2D/Paper2D/Content/DefaultPaperTerrainMaterial.uasset" 366
"../../../Engine/Plugins/2D/Paper2D/Content/DefaultSpriteMaterial.uasset" 367
"../../../Engine/Plugins/2D/Paper2D/Content/MaskedUnlitSpriteMaterial.uasset" 368
"../../../Engine/Plugins/2D/Paper2D/Content/OpaqueUnlitSpriteMaterial.uasset" 369
"../../../Engine/Plugins/2D/Paper2D/Content/PlaceholderTextures/DummySpriteTexture.uasset" 370
"../../../Engine/Plugins/Runtime/GearVR/Content/Textures/GearVRController_AO.uasset" 371
"../../../Engine/Plugins/Runtime/GearVR/Content/Textures/GearVRController_Color.uasset" 372
"../../../Engine/Plugins/Runtime/GearVR/Content/Textures/GearVRController_Normal.uasset" 373
"../../../Engine/Plugins/Runtime/GearVR/Content/Materials/GearVRControllerMaterial.uasset" 374
"../../../Engine/Plugins/Runtime/GearVR/Content/Meshes/GearVrController.uasset" 375
"../../../TPS/Content/StarterContent/Blueprints/Assets/FogBrightnessLUT.uasset" 376
"../../../TPS/Content/StarterContent/Blueprints/Assets/SunlightColorLUT.uasset" 377
"../../../TPS/Content/StarterContent/Blueprints/Assets/M_LightStage_Arrows.uasset" 378
"../../../Engine/Content/MapTemplates/Sky/DaylightAmbientCubemap.uasset" 379
"../../../TPS/Content/StarterContent/Blueprints/Assets/M_LightStage_Skybox_Master.uasset" 380
"../../../TPS/Content/StarterContent/Blueprints/Assets/M_LightStage_Skybox_Black.uasset" 381
"../../../TPS/Content/StarterContent/Blueprints/Assets/M_LightStage_Skybox_HDRI.uasset" 382
"../../../Engine/Content/EditorMaterials/Thumbnails/SkySphereMaterial.uasset" 383
"../../../TPS/Content/StarterContent/Blueprints/Assets/Skybox.uasset" 384
"../../../TPS/Content/StarterContent/Blueprints/Assets/SM_Arrows.uasset" 385
"../../../TPS/Content/StarterContent/HDRI/HDRI_Epic_Courtyard_Daylight.uasset" 386
"../../../TPS/Content/StarterContent/Blueprints/BP_LightStudio.uasset" 387
"../../../TPS/Content/StarterContent/Maps/Advanced_Lighting_BuiltData.uasset" 388
"../../../TPS/Content/StarterContent/Materials/M_AssetPlatform.uasset" 389
"../../../Engine/Content/EditorMeshes/ColorCalibrator/M_ChromeBall.uasset" 390
"../../../Engine/Content/EditorMeshes/ColorCalibrator/M_ClearCoat.uasset" 391
"../../../Engine/Content/EditorMeshes/ColorCalibrator/M_ClearCoatBlack.uasset" 392
"../../../Engine/Content/EditorMeshes/ColorCalibrator/M_ColorGrid.uasset" 393
"../../../Engine/Content/EditorMeshes/ColorCalibrator/M_GreyBall.uasset" 394
"../../../Engine/Content/EditorMeshes/ColorCalibrator/SM_ColorCalibrator.uasset" 395
"../../../TPS/Content/StarterContent/Architecture/SM_AssetPlatform.uasset" 396
"../../../TPS/Content/StarterContent/Maps/Advanced_Lighting.umap" 397
"../../../Engine/Content/EngineSky/C_Sky_Cloud_Color.uasset" 398
"../../../Engine/Content/EngineSky/C_Sky_Horizon_Color.uasset" 399
"../../../Engine/Content/EngineSky/C_Sky_Zenith_Color.uasset" 400
"../../../Engine/Content/EngineSky/T_Sky_Blue.uasset" 401
"../../../Engine/Content/EngineSky/T_Sky_Clouds_M.uasset" 402
"../../../Engine/Content/EngineSky/T_Sky_Stars.uasset" 403
"../../../Engine/Content/EngineSky/M_Sky_Panning_Clouds2.uasset" 404
"../../../Engine/Content/EngineSky/SM_SkySphere.uasset" 405
"../../../Engine/Content/EngineSky/BP_Sky_Sphere.uasset" 406
"../../../TPS/Content/StarterContent/Maps/Minimal_Default_BuiltData.uasset" 407
"../../../TPS/Content/StarterContent/Textures/T_MacroVariation.uasset" 408
"../../../TPS/Content/StarterContent/Materials/M_Metal_Brushed_Nickel.uasset" 409
"../../../TPS/Content/StarterContent/Textures/T_Metal_Aluminum_D.uasset" 410
"../../../TPS/Content/StarterContent/Textures/T_Metal_Gold_N.uasset" 411
"../../../TPS/Content/StarterContent/Materials/M_Metal_Burnished_Steel.uasset" 412
"../../../TPS/Content/StarterContent/Textures/T_Metal_Copper_D.uasset" 413
"../../../TPS/Content/StarterContent/Materials/M_Metal_Copper.uasset" 414
"../../../TPS/Content/StarterContent/Textures/T_Statue_M.uasset" 415
"../../../TPS/Content/StarterContent/Textures/T_Statue_N.uasset" 416
"../../../TPS/Content/StarterContent/Props/Materials/M_StatueGlass.uasset" 417
"../../../TPS/Content/StarterContent/Architecture/Floor_400x400.uasset" 418
"../../../TPS/Content/StarterContent/Audio/Starter_Background_Cue.uasset" 419
"../../../TPS/Content/StarterContent/Props/SM_Chair.uasset" 420
"../../../TPS/Content/StarterContent/Props/Materials/M_Statue.uasset" 421
"../../../TPS/Content/StarterContent/Props/SM_Statue.uasset" 422
"../../../TPS/Content/StarterContent/Textures/T_TableRound_M.uasset" 423
"../../../TPS/Content/StarterContent/Textures/T_TableRound_N.uasset" 424
"../../../TPS/Content/StarterContent/Props/Materials/M_TableRound.uasset" 425
"../../../TPS/Content/StarterContent/Props/SM_TableRound.uasset" 426
"../../../TPS/Content/StarterContent/Maps/Minimal_Default.umap" 427
"../../../TPS/Content/StarterContent/Audio/Fire01_Cue.uasset" 428
"../../../TPS/Content/StarterContent/Textures/T_Fire_SubUV.uasset" 429
"../../../TPS/Content/StarterContent/Textures/T_Fire_Tiled_D.uasset" 430
"../../../TPS/Content/StarterContent/Particles/Materials/M_Fire_SubUV.uasset" 431
"../../../TPS/Content/StarterContent/Textures/T_Water_N.uasset" 432
"../../../TPS/Content/StarterContent/Particles/Materials/M_Heat_Distortion.uasset" 433
"../../../TPS/Content/StarterContent/Particles/Materials/M_Radial_Gradient.uasset" 434
"../../../TPS/Content/StarterContent/Particles/P_Fire.uasset" 435
"../../../TPS/Content/StarterContent/Blueprints/Blueprint_Effect_Fire.uasset" 436
"../../../TPS/Content/StarterContent/Audio/Smoke01_Cue.uasset" 437
"../../../TPS/Content/StarterContent/Particles/P_Smoke.uasset" 438
"../../../TPS/Content/StarterContent/Blueprints/Blueprint_Effect_Smoke.uasset" 439
"../../../TPS/Content/StarterContent/Audio/Fire_Sparks01_Cue.uasset" 440
"../../../TPS/Content/StarterContent/Textures/T_Spark_Core.uasset" 441
"../../../TPS/Content/StarterContent/Particles/Materials/M_Spark.uasset" 442
"../../../TPS/Content/StarterContent/Particles/P_Sparks.uasset" 443
"../../../TPS/Content/StarterContent/Blueprints/Blueprint_Effect_Sparks.uasset" 444
"../../../TPS/Content/StarterContent/Audio/Steam01_Cue.uasset" 445
"../../../TPS/Content/StarterContent/Particles/P_Steam_Lit.uasset" 446
"../../../TPS/Content/StarterContent/Blueprints/Blueprint_Effect_Steam.uasset" 447
"../../../TPS/Content/StarterContent/Textures/T_Lamp_M.uasset" 448
"../../../TPS/Content/StarterContent/Textures/T_Lamp_N.uasset" 449
"../../../TPS/Content/StarterContent/Props/Materials/M_Lamp.uasset" 450
"../../../TPS/Content/StarterContent/Props/SM_Lamp_Ceiling.uasset" 451
"../../../TPS/Content/StarterContent/Blueprints/Blueprint_CeilingLight.uasset" 452
"../../../TPS/Content/StarterContent/Props/SM_Lamp_Wall.uasset" 453
"../../../TPS/Content/StarterContent/Blueprints/Blueprint_WallSconce.uasset" 454
"../../../TPS/Content/StarterContent/Maps/StarterMap_BuiltData.uasset" 455
"../../../Engine/Content/Functions/Engine_MaterialFunctions03/Procedurals/ComputeFilterWidth.uasset" 456
"../../../Engine/Content/EngineMaterials/AntiAliasedTextMaterialTranslucent.uasset" 457
"../../../TPS/Content/StarterContent/Textures/T_Brick_Clay_Beveled_D.uasset" 458
"../../../TPS/Content/StarterContent/Textures/T_Brick_Clay_Beveled_M.uasset" 459
"../../../TPS/Content/StarterContent/Textures/T_Brick_Clay_Beveled_N.uasset" 460
"../../../TPS/Content/StarterContent/Materials/M_Brick_Clay_Beveled.uasset" 461
"../../../TPS/Content/StarterContent/Textures/T_Brick_Clay_New_D.uasset" 462
"../../../TPS/Content/StarterContent/Textures/T_Brick_Clay_New_M.uasset" 463
"../../../TPS/Content/StarterContent/Textures/T_Brick_Clay_New_N.uasset" 464
"../../../TPS/Content/StarterContent/Materials/M_Brick_Clay_New.uasset" 465
"../../../TPS/Content/StarterContent/Textures/T_Brick_Clay_Old_D.uasset" 466
"../../../TPS/Content/StarterContent/Textures/T_Brick_Clay_Old_N.uasset" 467
"../../../TPS/Content/StarterContent/Textures/T_Perlin_Noise_M.uasset" 468
"../../../TPS/Content/StarterContent/Materials/M_Brick_Clay_Old.uasset" 469
"../../../TPS/Content/StarterContent/Textures/T_Brick_Cut_Stone_D.uasset" 470
"../../../TPS/Content/StarterContent/Textures/T_Brick_Cut_Stone_N.uasset" 471
"../../../TPS/Content/StarterContent/Materials/M_Brick_Cut_Stone.uasset" 472
"../../../TPS/Content/StarterContent/Textures/T_Brick_Hewn_Stone_D.uasset" 473
"../../../TPS/Content/StarterContent/Textures/T_Brick_Hewn_Stone_M.uasset" 474
"../../../TPS/Content/StarterContent/Textures/T_Brick_Hewn_Stone_N.uasset" 475
"../../../TPS/Content/StarterContent/Materials/M_Brick_Hewn_Stone.uasset" 476
"../../../TPS/Content/StarterContent/Textures/T_Ceramic_Tile_M.uasset" 477
"../../../TPS/Content/StarterContent/Textures/T_Ceramic_Tile_N.uasset" 478
"../../../TPS/Content/StarterContent/Textures/T_Rock_Marble_Polished_D.uasset" 479
"../../../TPS/Content/StarterContent/Materials/M_Ceramic_Tile_Checker.uasset" 480
"../../../TPS/Content/StarterContent/Textures/T_CobbleStone_Pebble_D.uasset" 481
"../../../TPS/Content/StarterContent/Textures/T_CobbleStone_Pebble_M.uasset" 482
"../../../TPS/Content/StarterContent/Textures/T_CobbleStone_Pebble_N.uasset" 483
"../../../TPS/Content/StarterContent/Materials/M_CobbleStone_Pebble.uasset" 484
"../../../TPS/Content/StarterContent/Textures/T_CobbleStone_Rough_D.uasset" 485
"../../../TPS/Content/StarterContent/Textures/T_CobbleStone_Rough_N.uasset" 486
"../../../TPS/Content/StarterContent/Textures/T_Gradinet_01.uasset" 487
"../../../TPS/Content/StarterContent/Textures/T_Rock_Smooth_Granite_D.uasset" 488
"../../../TPS/Content/StarterContent/Materials/M_CobbleStone_Rough.uasset" 489
"../../../TPS/Content/StarterContent/Textures/T_CobbleStone_Smooth_D.uasset" 490
"../../../TPS/Content/StarterContent/Textures/T_CobbleStone_Smooth_M.uasset" 491
"../../../TPS/Content/StarterContent/Textures/T_CobbleStone_Smooth_N.uasset" 492
"../../../TPS/Content/StarterContent/Materials/M_CobbleStone_Smooth.uasset" 493
"../../../TPS/Content/StarterContent/Textures/T_Concrete_Grime_D.uasset" 494
"../../../TPS/Content/StarterContent/Textures/T_Metal_Rust_N.uasset" 495
"../../../TPS/Content/StarterContent/Materials/M_Concrete_Grime.uasset" 496
"../../../TPS/Content/StarterContent/Textures/T_Concrete_Panels_D.uasset" 497
"../../../TPS/Content/StarterContent/Textures/T_Concrete_Panels_N.uasset" 498
"../../../TPS/Content/StarterContent/Materials/M_Concrete_Panels.uasset" 499
"../../../TPS/Content/StarterContent/Textures/T_Concrete_Poured_D.uasset" 500
"../../../TPS/Content/StarterContent/Textures/T_Concrete_Poured_N.uasset" 501
"../../../TPS/Content/StarterContent/Materials/M_Concrete_Poured.uasset" 502
"../../../TPS/Content/StarterContent/Textures/T_Concrete_Tiles_D.uasset" 503
"../../../TPS/Content/StarterContent/Textures/T_Concrete_Tiles_M.uasset" 504
"../../../TPS/Content/StarterContent/Textures/T_Concrete_Tiles_N.uasset" 505
"../../../TPS/Content/StarterContent/Textures/T_Concrete_Tiles_Variation_M.uasset" 506
"../../../TPS/Content/StarterContent/Materials/M_Concrete_Tiles.uasset" 507
"../../../TPS/Content/StarterContent/Textures/T_Ground_Grass_D.uasset" 508
"../../../TPS/Content/StarterContent/Textures/T_Ground_Grass_N.uasset" 509
"../../../TPS/Content/StarterContent/Materials/M_Ground_Grass.uasset" 510
"../../../TPS/Content/StarterContent/Textures/T_Ground_Gravel_D.uasset" 511
"../../../TPS/Content/StarterContent/Textures/T_Ground_Gravel_N.uasset" 512
"../../../TPS/Content/StarterContent/Materials/M_Ground_Gravel.uasset" 513
"../../../TPS/Content/StarterContent/Textures/T_ground_Moss_D.uasset" 514
"../../../TPS/Content/StarterContent/Textures/T_Ground_Moss_N.uasset" 515
"../../../TPS/Content/StarterContent/Materials/M_Ground_Moss.uasset" 516
"../../../TPS/Content/StarterContent/Materials/M_Metal_Chrome.uasset" 517
"../../../TPS/Content/StarterContent/Textures/T_Metal_Gold_D.uasset" 518
"../../../TPS/Content/StarterContent/Materials/M_Metal_Gold.uasset" 519
"../../../TPS/Content/StarterContent/Textures/T_Metal_Rust_D.uasset" 520
"../../../TPS/Content/StarterContent/Materials/M_Metal_Rust.uasset" 521
"../../../TPS/Content/StarterContent/Textures/T_Metal_Steel_D.uasset" 522
"../../../TPS/Content/StarterContent/Textures/T_Metal_Steel_N.uasset" 523
"../../../TPS/Content/StarterContent/Materials/M_Metal_Steel.uasset" 524
"../../../TPS/Content/StarterContent/Textures/T_Rock_Basalt_N.uasset" 525
"../../../TPS/Content/StarterContent/Materials/M_Rock_Basalt.uasset" 526
"../../../TPS/Content/StarterContent/Materials/M_Rock_Marble_Polished.uasset" 527
"../../../TPS/Content/StarterContent/Textures/T_Rock_Sandstone_D.uasset" 528
"../../../TPS/Content/StarterContent/Textures/T_Rock_Sandstone_N.uasset" 529
"../../../TPS/Content/StarterContent/Materials/M_Rock_Sandstone.uasset" 530
"../../../TPS/Content/StarterContent/Textures/T_Rock_Slate_D.uasset" 531
"../../../TPS/Content/StarterContent/Textures/T_Rock_Slate_N.uasset" 532
"../../../TPS/Content/StarterContent/Materials/M_Rock_Slate.uasset" 533
"../../../TPS/Content/StarterContent/Textures/T_Checker_Noise_M.uasset" 534
"../../../TPS/Content/StarterContent/Textures/T_Single_Tile_N.uasset" 535
"../../../TPS/Content/StarterContent/Textures/T_Tech_Dot_M.uasset" 536
"../../../TPS/Content/StarterContent/Textures/T_Tech_Dot_N.uasset" 537
"../../../TPS/Content/StarterContent/Materials/M_Tech_Checker_Dot.uasset" 538
"../../../TPS/Content/StarterContent/Textures/T_Tech_Hex_Tile_M.uasset" 539
"../../../TPS/Content/StarterContent/Textures/T_Tech_Hex_Tile_N.uasset" 540
"../../../TPS/Content/StarterContent/Materials/M_Tech_Hex_Tile.uasset" 541
"../../../TPS/Content/StarterContent/Materials/M_Tech_Hex_Tile_Pulse.uasset" 542
"../../../TPS/Content/StarterContent/Textures/T_Tech_Panel_M.uasset" 543
"../../../TPS/Content/StarterContent/Textures/T_Tech_Panel_N.uasset" 544
"../../../TPS/Content/StarterContent/Materials/M_Tech_Panel.uasset" 545
"../../../TPS/Content/StarterContent/Materials/M_Water_Lake.uasset" 546
"../../../TPS/Content/StarterContent/Textures/T_Water_M.uasset" 547
"../../../TPS/Content/StarterContent/Materials/M_Water_Ocean.uasset" 548
"../../../TPS/Content/StarterContent/Textures/T_Wood_Floor_Walnut_D.uasset" 549
"../../../TPS/Content/StarterContent/Textures/T_Wood_Floor_Walnut_M.uasset" 550
"../../../TPS/Content/StarterContent/Textures/T_Wood_Floor_Walnut_N.uasset" 551
"../../../TPS/Content/StarterContent/Materials/M_Wood_Floor_Walnut_Polished.uasset" 552
"../../../Engine/Content/Functions/Engine_MaterialFunctions01/Opacity/AlphaOffset.uasset" 553
"../../../TPS/Content/StarterContent/Materials/M_Wood_Floor_Walnut_Worn.uasset" 554
"../../../TPS/Content/StarterContent/Textures/T_Wood_Oak_D.uasset" 555
"../../../TPS/Content/StarterContent/Textures/T_Wood_Oak_N.uasset" 556
"../../../TPS/Content/StarterContent/Materials/M_Wood_Oak.uasset" 557
"../../../TPS/Content/StarterContent/Textures/T_Wood_Pine_D.uasset" 558
"../../../TPS/Content/StarterContent/Textures/T_Wood_Pine_N.uasset" 559
"../../../TPS/Content/StarterContent/Materials/M_Wood_Pine.uasset" 560
"../../../TPS/Content/StarterContent/Textures/T_Wood_Walnut_D.uasset" 561
"../../../TPS/Content/StarterContent/Textures/T_Wood_Walnut_N.uasset" 562
"../../../TPS/Content/StarterContent/Materials/M_Wood_Walnut.uasset" 563
"../../../TPS/Content/StarterContent/Architecture/Wall_400x200.uasset" 564
"../../../TPS/Content/StarterContent/Architecture/Wall_Door_400x300.uasset" 565
"../../../TPS/Content/StarterContent/Architecture/Wall_Window_400x300.uasset" 566
"../../../TPS/Content/StarterContent/Audio/Collapse_Cue.uasset" 567
"../../../TPS/Content/StarterContent/Audio/Starter_Music_Cue.uasset" 568
"../../../TPS/Content/StarterContent/Textures/T_Dust_Particle_D.uasset" 569
"../../../TPS/Content/StarterContent/Particles/Materials/M_Dust_Particle.uasset" 570
"../../../TPS/Content/StarterContent/Particles/P_Ambient_Dust.uasset" 571
"../../../TPS/Content/StarterContent/Props/MaterialSphere.uasset" 572
"../../../TPS/Content/StarterContent/Textures/T_Frame_M.uasset" 573
"../../../TPS/Content/StarterContent/Textures/T_Frame_N.uasset" 574
"../../../TPS/Content/StarterContent/Props/Materials/M_Frame.uasset" 575
"../../../TPS/Content/StarterContent/Props/SM_CornerFrame.uasset" 576
"../../../TPS/Content/StarterContent/Props/SM_DoorFrame.uasset" 577
"../../../TPS/Content/StarterContent/Props/SM_GlassWindow.uasset" 578
"../../../TPS/Content/StarterContent/Props/SM_PillarFrame.uasset" 579
"../../../TPS/Content/StarterContent/Props/SM_PillarFrame300.uasset" 580
"../../../TPS/Content/StarterContent/Props/SM_WindowFrame.uasset" 581
"../../../TPS/Content/StarterContent/Shapes/Shape_Cube.uasset" 582
"../../../TPS/Content/StarterContent/Shapes/Shape_QuadPyramid.uasset" 583
"../../../TPS/Content/StarterContent/Shapes/Shape_Sphere.uasset" 584
"../../../TPS/Content/StarterContent/Maps/StarterMap.umap" 585
"../../../TPS/Content/ThirdPersonBP/Maps/ThirdPersonExampleMap_BuiltData.uasset" 586
"../../../TPS/Content/Geometry/Meshes/CubeMaterial.uasset" 587
"../../../TPS/Content/Geometry/Meshes/1M_Cube.uasset" 588
"../../../TPS/Content/Geometry/Meshes/1M_Cube_Chamfer.uasset" 589
"../../../TPS/Content/Geometry/Meshes/TemplateFloor.uasset" 590
"../../../TPS/Content/MainMenu.uasset" 591
"../../../TPS/Content/ThirdPerson/Meshes/RampMaterial.uasset" 592
"../../../TPS/Content/ThirdPerson/Meshes/Bump_StaticMesh.uasset" 593
"../../../TPS/Content/ThirdPerson/Meshes/LeftArm_StaticMesh.uasset" 594
"../../../TPS/Content/ThirdPerson/Meshes/Linear_Stair_StaticMesh.uasset" 595
"../../../TPS/Content/ThirdPerson/Meshes/Ramp_StaticMesh.uasset" 596
"../../../TPS/Content/ThirdPerson/Meshes/RightArm_StaticMesh.uasset" 597
"../../../TPS/Content/ThirdPersonBP/Maps/ThirdPersonExampleMap.umap" 598
"../../../Engine/Content/Maps/Entry.umap" 599
